0 verbose cli /opt/homebrew/Cellar/node/26.4.0/bin/node /opt/homebrew/bin/npm
1 info using npm@11.17.0
2 info using node@v26.4.0
3 silly config load:file:/opt/homebrew/lib/node_modules/npm/npmrc
4 silly config load:file:/Users/xuederek/Downloads/配色/.npmrc
5 silly config load:file:/Users/xuederek/.npmrc
6 silly config load:file:/opt/homebrew/etc/npmrc
7 verbose title npm install
8 verbose argv "install" "--cache" ".npm-cache"
9 verbose logfile logs-max:10 dir:/Users/xuederek/Downloads/配色/.npm-cache/_logs/2026-07-06T06_21_14_460Z-
10 verbose logfile /Users/xuederek/Downloads/配色/.npm-cache/_logs/2026-07-06T06_21_14_460Z-debug-0.log
11 silly logfile done cleaning log files
12 silly packumentCache heap:2248146944 maxSize:562036736 maxEntrySize:281018368
13 silly idealTree buildDeps
14 silly fetch manifest typescript@^5.6.3
15 silly packumentCache full:https://registry.npmmirror.com/typescript cache-miss
16 http fetch GET 200 https://registry.npmmirror.com/npm 9232ms
17 http fetch GET 200 https://registry.npmmirror.com/typescript 12200ms (cache miss)
18 silly packumentCache full:https://registry.npmmirror.com/typescript set size:1687175 disposed:false
19 silly fetch manifest vite@^5.4.10
20 silly packumentCache full:https://registry.npmmirror.com/vite cache-miss
21 http fetch GET 200 https://registry.npmmirror.com/vite 126636ms (cache miss)
22 silly packumentCache full:https://registry.npmmirror.com/vite set size:6244378 disposed:false
23 silly fetch manifest @types/node@^18.0.0 || >=20.0.0
24 silly packumentCache full:https://registry.npmmirror.com/@types%2fnode cache-miss
25 http fetch GET 200 https://registry.npmmirror.com/@types%2fnode 106328ms (cache miss)
26 silly packumentCache full:https://registry.npmmirror.com/@types%2fnode set size:1164274 disposed:false
27 silly fetch manifest less@*
28 silly packumentCache full:https://registry.npmmirror.com/less cache-miss
29 http fetch GET 200 https://registry.npmmirror.com/less 645ms (cache miss)
30 silly packumentCache full:https://registry.npmmirror.com/less set size:53662 disposed:false
31 silly fetch manifest lightningcss@^1.21.0
32 silly packumentCache full:https://registry.npmmirror.com/lightningcss cache-miss
33 http fetch GET 200 https://registry.npmmirror.com/lightningcss 746ms (cache miss)
34 silly packumentCache full:https://registry.npmmirror.com/lightningcss set size:32241 disposed:false
35 silly fetch manifest sass@*
36 silly packumentCache full:https://registry.npmmirror.com/sass cache-miss
37 http fetch GET 200 https://registry.npmmirror.com/sass 565ms (cache miss)
38 silly packumentCache full:https://registry.npmmirror.com/sass set size:126364 disposed:false
39 silly fetch manifest sass-embedded@*
40 silly packumentCache full:https://registry.npmmirror.com/sass-embedded cache-miss
41 http fetch GET 200 https://registry.npmmirror.com/sass-embedded 418ms (cache miss)
42 silly packumentCache full:https://registry.npmmirror.com/sass-embedded set size:75560 disposed:false
43 silly fetch manifest stylus@*
44 silly packumentCache full:https://registry.npmmirror.com/stylus cache-miss
45 http fetch GET 200 https://registry.npmmirror.com/stylus 270ms (cache miss)
46 silly packumentCache full:https://registry.npmmirror.com/stylus set size:65242 disposed:false
47 silly fetch manifest sugarss@*
48 silly packumentCache full:https://registry.npmmirror.com/sugarss cache-miss
49 http fetch GET 200 https://registry.npmmirror.com/sugarss 260ms (cache miss)
50 silly packumentCache full:https://registry.npmmirror.com/sugarss set size:8151 disposed:false
51 silly fetch manifest postcss@^8.3.3
52 silly packumentCache full:https://registry.npmmirror.com/postcss cache-miss
53 http fetch GET 200 https://registry.npmmirror.com/postcss 336ms (cache miss)
54 silly packumentCache full:https://registry.npmmirror.com/postcss set size:99076 disposed:false
55 silly fetch manifest terser@^5.4.0
56 silly packumentCache full:https://registry.npmmirror.com/terser cache-miss
57 http fetch GET 200 https://registry.npmmirror.com/terser 356ms (cache miss)
58 silly packumentCache full:https://registry.npmmirror.com/terser set size:111481 disposed:false
59 silly placeDep ROOT typescript@5.9.3 OK for: color-palette-gallery@0.1.0 want: ^5.6.3
60 silly placeDep ROOT vite@5.4.21 OK for: color-palette-gallery@0.1.0 want: ^5.4.10
61 silly fetch manifest esbuild@^0.21.3
62 silly packumentCache full:https://registry.npmmirror.com/esbuild cache-miss
63 silly fetch manifest postcss@^8.4.43
64 silly packumentCache full:https://registry.npmmirror.com/postcss cache-hit
65 silly fetch manifest rollup@^4.20.0
66 silly packumentCache full:https://registry.npmmirror.com/rollup cache-miss
67 silly fetch manifest fsevents@~2.3.3
68 silly packumentCache full:https://registry.npmmirror.com/fsevents cache-miss
69 http fetch GET 200 https://registry.npmmirror.com/esbuild 443ms (cache miss)
70 silly packumentCache full:https://registry.npmmirror.com/esbuild set size:214167 disposed:false
71 http fetch GET 200 https://registry.npmmirror.com/fsevents 1200ms (cache miss)
72 silly packumentCache full:https://registry.npmmirror.com/fsevents set size:16344 disposed:false
73 http fetch GET 200 https://registry.npmmirror.com/rollup 2962ms (cache miss)
74 silly packumentCache full:https://registry.npmmirror.com/rollup set size:690001 disposed:false
75 silly placeDep ROOT esbuild@0.21.5 OK for: vite@5.4.21 want: ^0.21.3
76 silly placeDep ROOT fsevents@2.3.3 OK for: vite@5.4.21 want: ~2.3.3
77 silly placeDep ROOT postcss@8.5.16 OK for: vite@5.4.21 want: ^8.4.43
78 silly placeDep ROOT rollup@4.62.2 OK for: vite@5.4.21 want: ^4.20.0
79 silly fetch manifest @esbuild/aix-ppc64@0.21.5
80 silly packumentCache full:https://registry.npmmirror.com/@esbuild%2faix-ppc64 cache-miss
81 silly fetch manifest @esbuild/android-arm@0.21.5
82 silly packumentCache full:https://registry.npmmirror.com/@esbuild%2fandroid-arm cache-miss
83 silly fetch manifest @esbuild/android-arm64@0.21.5
84 silly packumentCache full:https://registry.npmmirror.com/@esbuild%2fandroid-arm64 cache-miss
85 silly fetch manifest @esbuild/android-x64@0.21.5
86 silly packumentCache full:https://registry.npmmirror.com/@esbuild%2fandroid-x64 cache-miss
87 silly fetch manifest @esbuild/darwin-arm64@0.21.5
88 silly packumentCache full:https://registry.npmmirror.com/@esbuild%2fdarwin-arm64 cache-miss
89 silly fetch manifest @esbuild/darwin-x64@0.21.5
90 silly packumentCache full:https://registry.npmmirror.com/@esbuild%2fdarwin-x64 cache-miss
91 silly fetch manifest @esbuild/freebsd-arm64@0.21.5
92 silly packumentCache full:https://registry.npmmirror.com/@esbuild%2ffreebsd-arm64 cache-miss
93 http fetch GET 200 https://registry.npmmirror.com/@esbuild%2faix-ppc64 475ms (cache miss)
94 silly packumentCache full:https://registry.npmmirror.com/@esbuild%2faix-ppc64 set size:15785 disposed:false
95 silly fetch manifest @esbuild/freebsd-x64@0.21.5
96 silly packumentCache full:https://registry.npmmirror.com/@esbuild%2ffreebsd-x64 cache-miss
97 http fetch GET 200 https://registry.npmmirror.com/@esbuild%2fandroid-arm64 530ms (cache miss)
98 silly packumentCache full:https://registry.npmmirror.com/@esbuild%2fandroid-arm64 set size:60900 disposed:false
99 silly fetch manifest @esbuild/linux-arm@0.21.5
100 silly packumentCache full:https://registry.npmmirror.com/@esbuild%2flinux-arm cache-miss
101 http fetch GET 200 https://registry.npmmirror.com/@esbuild%2fandroid-arm 880ms (cache miss)
102 silly packumentCache full:https://registry.npmmirror.com/@esbuild%2fandroid-arm set size:70421 disposed:false
103 silly fetch manifest @esbuild/linux-arm64@0.21.5
104 silly packumentCache full:https://registry.npmmirror.com/@esbuild%2flinux-arm64 cache-miss
105 http fetch GET https://registry.npmmirror.com/@esbuild%2fandroid-x64 attempt 1 failed with ECONNRESET
106 http fetch GET https://registry.npmmirror.com/@esbuild%2ffreebsd-arm64 attempt 1 failed with ECONNRESET
107 http fetch GET https://registry.npmmirror.com/@esbuild%2fdarwin-x64 attempt 1 failed with ECONNRESET
108 http fetch GET 200 https://registry.npmmirror.com/@esbuild%2flinux-arm 936ms (cache miss)
109 silly packumentCache full:https://registry.npmmirror.com/@esbuild%2flinux-arm set size:59680 disposed:false
110 silly fetch manifest @esbuild/linux-ia32@0.21.5
111 silly packumentCache full:https://registry.npmmirror.com/@esbuild%2flinux-ia32 cache-miss
112 http fetch GET 200 https://registry.npmmirror.com/@esbuild%2ffreebsd-x64 1078ms (cache miss)
113 silly packumentCache full:https://registry.npmmirror.com/@esbuild%2ffreebsd-x64 set size:60409 disposed:false
114 silly fetch manifest @esbuild/linux-loong64@0.21.5
115 silly packumentCache full:https://registry.npmmirror.com/@esbuild%2flinux-loong64 cache-miss
116 http fetch GET 200 https://registry.npmmirror.com/@esbuild%2flinux-arm64 708ms (cache miss)
117 silly packumentCache full:https://registry.npmmirror.com/@esbuild%2flinux-arm64 set size:60136 disposed:false
118 silly fetch manifest @esbuild/linux-mips64el@0.21.5
119 silly packumentCache full:https://registry.npmmirror.com/@esbuild%2flinux-mips64el cache-miss
120 http fetch GET 200 https://registry.npmmirror.com/@esbuild%2flinux-loong64 757ms (cache miss)
121 silly packumentCache full:https://registry.npmmirror.com/@esbuild%2flinux-loong64 set size:79758 disposed:false
122 silly fetch manifest @esbuild/linux-ppc64@0.21.5
123 silly packumentCache full:https://registry.npmmirror.com/@esbuild%2flinux-ppc64 cache-miss
124 http fetch GET 200 https://registry.npmmirror.com/@esbuild%2flinux-mips64el 750ms (cache miss)
125 silly packumentCache full:https://registry.npmmirror.com/@esbuild%2flinux-mips64el set size:60397 disposed:false
126 silly fetch manifest @esbuild/linux-riscv64@0.21.5
127 silly packumentCache full:https://registry.npmmirror.com/@esbuild%2flinux-riscv64 cache-miss
128 http fetch GET 200 https://registry.npmmirror.com/@esbuild%2flinux-ia32 874ms (cache miss)
129 silly packumentCache full:https://registry.npmmirror.com/@esbuild%2flinux-ia32 set size:60380 disposed:false
130 silly fetch manifest @esbuild/linux-s390x@0.21.5
131 silly packumentCache full:https://registry.npmmirror.com/@esbuild%2flinux-s390x cache-miss
132 http fetch GET 200 https://registry.npmmirror.com/@esbuild%2fdarwin-arm64 2920ms (cache miss)
133 silly packumentCache full:https://registry.npmmirror.com/@esbuild%2fdarwin-arm64 set size:60532 disposed:false
134 silly fetch manifest @esbuild/linux-x64@0.21.5
135 silly packumentCache full:https://registry.npmmirror.com/@esbuild%2flinux-x64 cache-miss
136 http fetch GET 200 https://registry.npmmirror.com/@esbuild%2flinux-s390x 614ms (cache miss)
137 silly packumentCache full:https://registry.npmmirror.com/@esbuild%2flinux-s390x set size:60325 disposed:false
138 silly fetch manifest @esbuild/netbsd-x64@0.21.5
139 silly packumentCache full:https://registry.npmmirror.com/@esbuild%2fnetbsd-x64 cache-miss
140 http fetch GET 200 https://registry.npmmirror.com/@esbuild%2flinux-riscv64 641ms (cache miss)
141 silly packumentCache full:https://registry.npmmirror.com/@esbuild%2flinux-riscv64 set size:60289 disposed:false
142 silly fetch manifest @esbuild/openbsd-x64@0.21.5
143 silly packumentCache full:https://registry.npmmirror.com/@esbuild%2fopenbsd-x64 cache-miss
144 http fetch GET 200 https://registry.npmmirror.com/@esbuild%2flinux-ppc64 757ms (cache miss)
145 silly packumentCache full:https://registry.npmmirror.com/@esbuild%2flinux-ppc64 set size:60121 disposed:false
146 silly fetch manifest @esbuild/sunos-x64@0.21.5
147 silly packumentCache full:https://registry.npmmirror.com/@esbuild%2fsunos-x64 cache-miss
148 http fetch GET 200 https://registry.npmmirror.com/@esbuild%2fnetbsd-x64 472ms (cache miss)
149 silly packumentCache full:https://registry.npmmirror.com/@esbuild%2fnetbsd-x64 set size:60463 disposed:false
150 silly fetch manifest @esbuild/win32-arm64@0.21.5
151 silly packumentCache full:https://registry.npmmirror.com/@esbuild%2fwin32-arm64 cache-miss
152 http fetch GET 200 https://registry.npmmirror.com/@esbuild%2fsunos-x64 371ms (cache miss)
153 silly packumentCache full:https://registry.npmmirror.com/@esbuild%2fsunos-x64 set size:60322 disposed:false
154 silly fetch manifest @esbuild/win32-ia32@0.21.5
155 silly packumentCache full:https://registry.npmmirror.com/@esbuild%2fwin32-ia32 cache-miss
156 http fetch GET 200 https://registry.npmmirror.com/@esbuild%2fopenbsd-x64 461ms (cache miss)
157 silly packumentCache full:https://registry.npmmirror.com/@esbuild%2fopenbsd-x64 set size:60346 disposed:false
158 silly fetch manifest @esbuild/win32-x64@0.21.5
159 silly packumentCache full:https://registry.npmmirror.com/@esbuild%2fwin32-x64 cache-miss
160 http fetch GET 200 https://registry.npmmirror.com/@esbuild%2flinux-x64 531ms (cache miss)
161 silly packumentCache full:https://registry.npmmirror.com/@esbuild%2flinux-x64 set size:60112 disposed:false
162 silly fetch manifest nanoid@^3.3.12
163 silly packumentCache full:https://registry.npmmirror.com/nanoid cache-miss
164 http fetch GET 200 https://registry.npmmirror.com/@esbuild%2fwin32-ia32 393ms (cache miss)
165 silly packumentCache full:https://registry.npmmirror.com/@esbuild%2fwin32-ia32 set size:60821 disposed:false
166 silly fetch manifest picocolors@^1.1.1
167 silly packumentCache full:https://registry.npmmirror.com/picocolors cache-miss
168 http fetch GET 200 https://registry.npmmirror.com/@esbuild%2fwin32-arm64 440ms (cache miss)
169 silly packumentCache full:https://registry.npmmirror.com/@esbuild%2fwin32-arm64 set size:60312 disposed:false
170 silly fetch manifest source-map-js@^1.2.1
171 silly packumentCache full:https://registry.npmmirror.com/source-map-js cache-miss
172 http fetch GET 200 https://registry.npmmirror.com/@esbuild%2fwin32-x64 441ms (cache miss)
173 silly packumentCache full:https://registry.npmmirror.com/@esbuild%2fwin32-x64 set size:60249 disposed:false
174 silly fetch manifest @types/estree@1.0.9
175 silly packumentCache full:https://registry.npmmirror.com/@types%2festree cache-miss
176 http fetch GET 200 https://registry.npmmirror.com/nanoid 547ms (cache miss)
177 silly packumentCache full:https://registry.npmmirror.com/nanoid set size:52129 disposed:false
178 silly fetch manifest @rollup/rollup-darwin-arm64@4.62.2
179 silly packumentCache full:https://registry.npmmirror.com/@rollup%2frollup-darwin-arm64 cache-miss
180 http fetch GET 200 https://registry.npmmirror.com/picocolors 286ms (cache miss)
181 silly packumentCache full:https://registry.npmmirror.com/picocolors set size:4040 disposed:false
182 silly fetch manifest @rollup/rollup-android-arm64@4.62.2
183 silly packumentCache full:https://registry.npmmirror.com/@rollup%2frollup-android-arm64 cache-miss
184 http fetch GET 200 https://registry.npmmirror.com/source-map-js 288ms (cache miss)
185 silly packumentCache full:https://registry.npmmirror.com/source-map-js set size:14399 disposed:false
186 silly fetch manifest @rollup/rollup-win32-arm64-msvc@4.62.2
187 silly packumentCache full:https://registry.npmmirror.com/@rollup%2frollup-win32-arm64-msvc cache-miss
188 http fetch GET 200 https://registry.npmmirror.com/@types%2festree 283ms (cache miss)
189 silly packumentCache full:https://registry.npmmirror.com/@types%2festree set size:16478 disposed:false
190 silly fetch manifest @rollup/rollup-freebsd-arm64@4.62.2
191 silly packumentCache full:https://registry.npmmirror.com/@rollup%2frollup-freebsd-arm64 cache-miss
192 http fetch GET 200 https://registry.npmmirror.com/@rollup%2frollup-darwin-arm64 386ms (cache miss)
193 silly packumentCache full:https://registry.npmmirror.com/@rollup%2frollup-darwin-arm64 set size:71201 disposed:false
194 silly fetch manifest @rollup/rollup-linux-arm64-gnu@4.62.2
195 silly packumentCache full:https://registry.npmmirror.com/@rollup%2frollup-linux-arm64-gnu cache-miss
196 http fetch GET 200 https://registry.npmmirror.com/@rollup%2frollup-android-arm64 282ms (cache miss)
197 silly packumentCache full:https://registry.npmmirror.com/@rollup%2frollup-android-arm64 set size:71420 disposed:false
198 silly fetch manifest @rollup/rollup-linux-arm64-musl@4.62.2
199 silly packumentCache full:https://registry.npmmirror.com/@rollup%2frollup-linux-arm64-musl cache-miss
200 http fetch GET 200 https://registry.npmmirror.com/@rollup%2frollup-win32-arm64-msvc 283ms (cache miss)
201 silly packumentCache full:https://registry.npmmirror.com/@rollup%2frollup-win32-arm64-msvc set size:71724 disposed:false
202 silly fetch manifest @rollup/rollup-android-arm-eabi@4.62.2
203 silly packumentCache full:https://registry.npmmirror.com/@rollup%2frollup-android-arm-eabi cache-miss
204 http fetch GET 200 https://registry.npmmirror.com/@rollup%2frollup-freebsd-arm64 293ms (cache miss)
205 silly packumentCache full:https://registry.npmmirror.com/@rollup%2frollup-freebsd-arm64 set size:40516 disposed:false
206 silly fetch manifest @rollup/rollup-linux-arm-gnueabihf@4.62.2
207 silly packumentCache full:https://registry.npmmirror.com/@rollup%2frollup-linux-arm-gnueabihf cache-miss
208 http fetch GET 200 https://registry.npmmirror.com/@rollup%2frollup-linux-arm64-gnu 359ms (cache miss)
209 silly packumentCache full:https://registry.npmmirror.com/@rollup%2frollup-linux-arm64-gnu set size:71553 disposed:false
210 silly fetch manifest @rollup/rollup-linux-arm-musleabihf@4.62.2
211 silly packumentCache full:https://registry.npmmirror.com/@rollup%2frollup-linux-arm-musleabihf cache-miss
212 http fetch GET 200 https://registry.npmmirror.com/@rollup%2frollup-linux-arm64-musl 346ms (cache miss)
213 silly packumentCache full:https://registry.npmmirror.com/@rollup%2frollup-linux-arm64-musl set size:62572 disposed:false
214 silly fetch manifest @rollup/rollup-win32-ia32-msvc@4.62.2
215 silly packumentCache full:https://registry.npmmirror.com/@rollup%2frollup-win32-ia32-msvc cache-miss
216 http fetch GET 200 https://registry.npmmirror.com/@rollup%2frollup-android-arm-eabi 326ms (cache miss)
217 silly packumentCache full:https://registry.npmmirror.com/@rollup%2frollup-android-arm-eabi set size:71657 disposed:false
218 silly fetch manifest @rollup/rollup-linux-loong64-gnu@4.62.2
219 silly packumentCache full:https://registry.npmmirror.com/@rollup%2frollup-linux-loong64-gnu cache-miss
220 http fetch GET 200 https://registry.npmmirror.com/@rollup%2frollup-linux-arm-gnueabihf 345ms (cache miss)
221 silly packumentCache full:https://registry.npmmirror.com/@rollup%2frollup-linux-arm-gnueabihf set size:71969 disposed:false
222 silly fetch manifest @rollup/rollup-linux-loong64-musl@4.62.2
223 silly packumentCache full:https://registry.npmmirror.com/@rollup%2frollup-linux-loong64-musl cache-miss
224 http fetch GET 200 https://registry.npmmirror.com/@rollup%2frollup-win32-ia32-msvc 415ms (cache miss)
225 silly packumentCache full:https://registry.npmmirror.com/@rollup%2frollup-win32-ia32-msvc set size:71846 disposed:false
226 silly fetch manifest @rollup/rollup-linux-riscv64-gnu@4.62.2
227 silly packumentCache full:https://registry.npmmirror.com/@rollup%2frollup-linux-riscv64-gnu cache-miss
228 http fetch GET 200 https://registry.npmmirror.com/@rollup%2frollup-linux-arm-musleabihf 453ms (cache miss)
229 silly packumentCache full:https://registry.npmmirror.com/@rollup%2frollup-linux-arm-musleabihf set size:50972 disposed:false
230 silly fetch manifest @rollup/rollup-linux-riscv64-musl@4.62.2
231 silly packumentCache full:https://registry.npmmirror.com/@rollup%2frollup-linux-riscv64-musl cache-miss
232 http fetch GET 200 https://registry.npmmirror.com/@rollup%2frollup-linux-loong64-musl 405ms (cache miss)
233 silly packumentCache full:https://registry.npmmirror.com/@rollup%2frollup-linux-loong64-musl set size:8343 disposed:false
234 silly fetch manifest @rollup/rollup-linux-ppc64-gnu@4.62.2
235 silly packumentCache full:https://registry.npmmirror.com/@rollup%2frollup-linux-ppc64-gnu cache-miss
236 http fetch GET 200 https://registry.npmmirror.com/@rollup%2frollup-linux-loong64-gnu 615ms (cache miss)
237 silly packumentCache full:https://registry.npmmirror.com/@rollup%2frollup-linux-loong64-gnu set size:15017 disposed:false
238 silly fetch manifest @rollup/rollup-linux-ppc64-musl@4.62.2
239 silly packumentCache full:https://registry.npmmirror.com/@rollup%2frollup-linux-ppc64-musl cache-miss
240 http fetch GET 200 https://registry.npmmirror.com/@rollup%2frollup-linux-riscv64-gnu 711ms (cache miss)
241 silly packumentCache full:https://registry.npmmirror.com/@rollup%2frollup-linux-riscv64-gnu set size:56647 disposed:false
242 silly fetch manifest @rollup/rollup-linux-s390x-gnu@4.62.2
243 silly packumentCache full:https://registry.npmmirror.com/@rollup%2frollup-linux-s390x-gnu cache-miss
244 http fetch GET 200 https://registry.npmmirror.com/@rollup%2frollup-linux-ppc64-gnu 681ms (cache miss)
245 silly packumentCache full:https://registry.npmmirror.com/@rollup%2frollup-linux-ppc64-gnu set size:19599 disposed:false
246 silly fetch manifest @rollup/rollup-darwin-x64@4.62.2
247 silly packumentCache full:https://registry.npmmirror.com/@rollup%2frollup-darwin-x64 cache-miss
248 http fetch GET 200 https://registry.npmmirror.com/@rollup%2frollup-linux-riscv64-musl 698ms (cache miss)
249 silly packumentCache full:https://registry.npmmirror.com/@rollup%2frollup-linux-riscv64-musl set size:24636 disposed:false
250 silly fetch manifest @rollup/rollup-win32-x64-gnu@4.62.2
251 silly packumentCache full:https://registry.npmmirror.com/@rollup%2frollup-win32-x64-gnu cache-miss
252 http fetch GET 200 https://registry.npmmirror.com/@rollup%2frollup-linux-ppc64-musl 546ms (cache miss)
253 silly packumentCache full:https://registry.npmmirror.com/@rollup%2frollup-linux-ppc64-musl set size:8442 disposed:false
254 silly fetch manifest @rollup/rollup-win32-x64-msvc@4.62.2
255 silly packumentCache full:https://registry.npmmirror.com/@rollup%2frollup-win32-x64-msvc cache-miss
256 http fetch GET 200 https://registry.npmmirror.com/@rollup%2frollup-linux-s390x-gnu 304ms (cache miss)
257 silly packumentCache full:https://registry.npmmirror.com/@rollup%2frollup-linux-s390x-gnu set size:51932 disposed:false
258 silly fetch manifest @rollup/rollup-freebsd-x64@4.62.2
259 silly packumentCache full:https://registry.npmmirror.com/@rollup%2frollup-freebsd-x64 cache-miss
260 http fetch GET 200 https://registry.npmmirror.com/@rollup%2frollup-win32-x64-gnu 358ms (cache miss)
261 silly packumentCache full:https://registry.npmmirror.com/@rollup%2frollup-win32-x64-gnu set size:13950 disposed:false
262 silly fetch manifest @rollup/rollup-linux-x64-gnu@4.62.2
263 silly packumentCache full:https://registry.npmmirror.com/@rollup%2frollup-linux-x64-gnu cache-miss
264 http fetch GET 200 https://registry.npmmirror.com/@rollup%2frollup-darwin-x64 424ms (cache miss)
265 silly packumentCache full:https://registry.npmmirror.com/@rollup%2frollup-darwin-x64 set size:70812 disposed:false
266 silly fetch manifest @rollup/rollup-linux-x64-musl@4.62.2
267 silly packumentCache full:https://registry.npmmirror.com/@rollup%2frollup-linux-x64-musl cache-miss
268 http fetch GET 200 https://registry.npmmirror.com/@rollup%2frollup-win32-x64-msvc 401ms (cache miss)
269 silly packumentCache full:https://registry.npmmirror.com/@rollup%2frollup-win32-x64-msvc set size:71030 disposed:false
270 silly fetch manifest @rollup/rollup-openbsd-x64@4.62.2
271 silly packumentCache full:https://registry.npmmirror.com/@rollup%2frollup-openbsd-x64 cache-miss
272 http fetch GET 200 https://registry.npmmirror.com/@rollup%2frollup-freebsd-x64 362ms (cache miss)
273 silly packumentCache full:https://registry.npmmirror.com/@rollup%2frollup-freebsd-x64 set size:40239 disposed:false
274 silly fetch manifest @rollup/rollup-openharmony-arm64@4.62.2
275 silly packumentCache full:https://registry.npmmirror.com/@rollup%2frollup-openharmony-arm64 cache-miss
276 http fetch GET 200 https://registry.npmmirror.com/@rollup%2frollup-linux-x64-gnu 558ms (cache miss)
277 silly packumentCache full:https://registry.npmmirror.com/@rollup%2frollup-linux-x64-gnu set size:71131 disposed:false
278 http fetch GET 200 https://registry.npmmirror.com/@rollup%2frollup-linux-x64-musl 497ms (cache miss)
279 silly packumentCache full:https://registry.npmmirror.com/@rollup%2frollup-linux-x64-musl set size:70930 disposed:false
280 http fetch GET 200 https://registry.npmmirror.com/@rollup%2frollup-openbsd-x64 492ms (cache miss)
281 silly packumentCache full:https://registry.npmmirror.com/@rollup%2frollup-openbsd-x64 set size:8409 disposed:false
282 http fetch GET 200 https://registry.npmmirror.com/@rollup%2frollup-openharmony-arm64 465ms (cache miss)
283 silly packumentCache full:https://registry.npmmirror.com/@rollup%2frollup-openharmony-arm64 set size:15686 disposed:false
284 http fetch GET 200 https://registry.npmmirror.com/@esbuild%2fdarwin-x64 11668ms attempt #2 (cache miss)
285 silly packumentCache full:https://registry.npmmirror.com/@esbuild%2fdarwin-x64 set size:60184 disposed:false
286 http fetch GET 200 https://registry.npmmirror.com/@esbuild%2fandroid-x64 11685ms attempt #2 (cache miss)
287 silly packumentCache full:https://registry.npmmirror.com/@esbuild%2fandroid-x64 set size:60271 disposed:false
288 http fetch GET 200 https://registry.npmmirror.com/@esbuild%2ffreebsd-arm64 11705ms attempt #2 (cache miss)
289 silly packumentCache full:https://registry.npmmirror.com/@esbuild%2ffreebsd-arm64 set size:60088 disposed:false
290 silly placeDep ROOT @esbuild/aix-ppc64@0.21.5 OK for: esbuild@0.21.5 want: 0.21.5
291 silly placeDep ROOT @esbuild/android-arm@0.21.5 OK for: esbuild@0.21.5 want: 0.21.5
292 silly placeDep ROOT @esbuild/android-arm64@0.21.5 OK for: esbuild@0.21.5 want: 0.21.5
293 silly placeDep ROOT @esbuild/android-x64@0.21.5 OK for: esbuild@0.21.5 want: 0.21.5
294 silly placeDep ROOT @esbuild/darwin-arm64@0.21.5 OK for: esbuild@0.21.5 want: 0.21.5
295 silly placeDep ROOT @esbuild/darwin-x64@0.21.5 OK for: esbuild@0.21.5 want: 0.21.5
296 silly placeDep ROOT @esbuild/freebsd-arm64@0.21.5 OK for: esbuild@0.21.5 want: 0.21.5
297 silly placeDep ROOT @esbuild/freebsd-x64@0.21.5 OK for: esbuild@0.21.5 want: 0.21.5
298 silly placeDep ROOT @esbuild/linux-arm@0.21.5 OK for: esbuild@0.21.5 want: 0.21.5
299 silly placeDep ROOT @esbuild/linux-arm64@0.21.5 OK for: esbuild@0.21.5 want: 0.21.5
300 silly placeDep ROOT @esbuild/linux-ia32@0.21.5 OK for: esbuild@0.21.5 want: 0.21.5
301 silly placeDep ROOT @esbuild/linux-loong64@0.21.5 OK for: esbuild@0.21.5 want: 0.21.5
302 silly placeDep ROOT @esbuild/linux-mips64el@0.21.5 OK for: esbuild@0.21.5 want: 0.21.5
303 silly placeDep ROOT @esbuild/linux-ppc64@0.21.5 OK for: esbuild@0.21.5 want: 0.21.5
304 silly placeDep ROOT @esbuild/linux-riscv64@0.21.5 OK for: esbuild@0.21.5 want: 0.21.5
305 silly placeDep ROOT @esbuild/linux-s390x@0.21.5 OK for: esbuild@0.21.5 want: 0.21.5
306 silly placeDep ROOT @esbuild/linux-x64@0.21.5 OK for: esbuild@0.21.5 want: 0.21.5
307 silly placeDep ROOT @esbuild/netbsd-x64@0.21.5 OK for: esbuild@0.21.5 want: 0.21.5
308 silly placeDep ROOT @esbuild/openbsd-x64@0.21.5 OK for: esbuild@0.21.5 want: 0.21.5
309 silly placeDep ROOT @esbuild/sunos-x64@0.21.5 OK for: esbuild@0.21.5 want: 0.21.5
310 silly placeDep ROOT @esbuild/win32-arm64@0.21.5 OK for: esbuild@0.21.5 want: 0.21.5
311 silly placeDep ROOT @esbuild/win32-ia32@0.21.5 OK for: esbuild@0.21.5 want: 0.21.5
312 silly placeDep ROOT @esbuild/win32-x64@0.21.5 OK for: esbuild@0.21.5 want: 0.21.5
313 silly placeDep ROOT nanoid@3.3.15 OK for: postcss@8.5.16 want: ^3.3.12
314 silly placeDep ROOT picocolors@1.1.1 OK for: postcss@8.5.16 want: ^1.1.1
315 silly placeDep ROOT source-map-js@1.2.1 OK for: postcss@8.5.16 want: ^1.2.1
316 silly placeDep ROOT @rollup/rollup-android-arm-eabi@4.62.2 OK for: rollup@4.62.2 want: 4.62.2
317 silly placeDep ROOT @rollup/rollup-android-arm64@4.62.2 OK for: rollup@4.62.2 want: 4.62.2
318 silly placeDep ROOT @rollup/rollup-darwin-arm64@4.62.2 OK for: rollup@4.62.2 want: 4.62.2
319 silly placeDep ROOT @rollup/rollup-darwin-x64@4.62.2 OK for: rollup@4.62.2 want: 4.62.2
320 silly placeDep ROOT @rollup/rollup-freebsd-arm64@4.62.2 OK for: rollup@4.62.2 want: 4.62.2
321 silly placeDep ROOT @rollup/rollup-freebsd-x64@4.62.2 OK for: rollup@4.62.2 want: 4.62.2
322 silly placeDep ROOT @rollup/rollup-linux-arm-gnueabihf@4.62.2 OK for: rollup@4.62.2 want: 4.62.2
323 silly placeDep ROOT @rollup/rollup-linux-arm-musleabihf@4.62.2 OK for: rollup@4.62.2 want: 4.62.2
324 silly placeDep ROOT @rollup/rollup-linux-arm64-gnu@4.62.2 OK for: rollup@4.62.2 want: 4.62.2
325 silly placeDep ROOT @rollup/rollup-linux-arm64-musl@4.62.2 OK for: rollup@4.62.2 want: 4.62.2
326 silly placeDep ROOT @rollup/rollup-linux-loong64-gnu@4.62.2 OK for: rollup@4.62.2 want: 4.62.2
327 silly placeDep ROOT @rollup/rollup-linux-loong64-musl@4.62.2 OK for: rollup@4.62.2 want: 4.62.2
328 silly placeDep ROOT @rollup/rollup-linux-ppc64-gnu@4.62.2 OK for: rollup@4.62.2 want: 4.62.2
329 silly placeDep ROOT @rollup/rollup-linux-ppc64-musl@4.62.2 OK for: rollup@4.62.2 want: 4.62.2
330 silly placeDep ROOT @rollup/rollup-linux-riscv64-gnu@4.62.2 OK for: rollup@4.62.2 want: 4.62.2
331 silly placeDep ROOT @rollup/rollup-linux-riscv64-musl@4.62.2 OK for: rollup@4.62.2 want: 4.62.2
332 silly placeDep ROOT @rollup/rollup-linux-s390x-gnu@4.62.2 OK for: rollup@4.62.2 want: 4.62.2
333 silly placeDep ROOT @rollup/rollup-linux-x64-gnu@4.62.2 OK for: rollup@4.62.2 want: 4.62.2
334 silly placeDep ROOT @rollup/rollup-linux-x64-musl@4.62.2 OK for: rollup@4.62.2 want: 4.62.2
335 silly placeDep ROOT @rollup/rollup-openbsd-x64@4.62.2 OK for: rollup@4.62.2 want: 4.62.2
336 silly placeDep ROOT @rollup/rollup-openharmony-arm64@4.62.2 OK for: rollup@4.62.2 want: 4.62.2
337 silly placeDep ROOT @rollup/rollup-win32-arm64-msvc@4.62.2 OK for: rollup@4.62.2 want: 4.62.2
338 silly placeDep ROOT @rollup/rollup-win32-ia32-msvc@4.62.2 OK for: rollup@4.62.2 want: 4.62.2
339 silly placeDep ROOT @rollup/rollup-win32-x64-gnu@4.62.2 OK for: rollup@4.62.2 want: 4.62.2
340 silly placeDep ROOT @rollup/rollup-win32-x64-msvc@4.62.2 OK for: rollup@4.62.2 want: 4.62.2
341 silly placeDep ROOT @types/estree@1.0.9 OK for: rollup@4.62.2 want: 1.0.9
342 silly reify moves {}
343 silly audit bulk request {
343 silly audit   typescript: [ '5.9.3' ],
343 silly audit   vite: [ '5.4.21' ],
343 silly audit   esbuild: [ '0.21.5' ],
343 silly audit   fsevents: [ '2.3.3' ],
343 silly audit   postcss: [ '8.5.16' ],
343 silly audit   rollup: [ '4.62.2' ],
343 silly audit   '@esbuild/aix-ppc64': [ '0.21.5' ],
343 silly audit   '@esbuild/android-arm': [ '0.21.5' ],
343 silly audit   '@esbuild/android-arm64': [ '0.21.5' ],
343 silly audit   '@esbuild/android-x64': [ '0.21.5' ],
343 silly audit   '@esbuild/darwin-arm64': [ '0.21.5' ],
343 silly audit   '@esbuild/darwin-x64': [ '0.21.5' ],
343 silly audit   '@esbuild/freebsd-arm64': [ '0.21.5' ],
343 silly audit   '@esbuild/freebsd-x64': [ '0.21.5' ],
343 silly audit   '@esbuild/linux-arm': [ '0.21.5' ],
343 silly audit   '@esbuild/linux-arm64': [ '0.21.5' ],
343 silly audit   '@esbuild/linux-ia32': [ '0.21.5' ],
343 silly audit   '@esbuild/linux-loong64': [ '0.21.5' ],
343 silly audit   '@esbuild/linux-mips64el': [ '0.21.5' ],
343 silly audit   '@esbuild/linux-ppc64': [ '0.21.5' ],
343 silly audit   '@esbuild/linux-riscv64': [ '0.21.5' ],
343 silly audit   '@esbuild/linux-s390x': [ '0.21.5' ],
343 silly audit   '@esbuild/linux-x64': [ '0.21.5' ],
343 silly audit   '@esbuild/netbsd-x64': [ '0.21.5' ],
343 silly audit   '@esbuild/openbsd-x64': [ '0.21.5' ],
343 silly audit   '@esbuild/sunos-x64': [ '0.21.5' ],
343 silly audit   '@esbuild/win32-arm64': [ '0.21.5' ],
343 silly audit   '@esbuild/win32-ia32': [ '0.21.5' ],
343 silly audit   '@esbuild/win32-x64': [ '0.21.5' ],
343 silly audit   nanoid: [ '3.3.15' ],
343 silly audit   picocolors: [ '1.1.1' ],
343 silly audit   'source-map-js': [ '1.2.1' ],
343 silly audit   '@rollup/rollup-android-arm-eabi': [ '4.62.2' ],
343 silly audit   '@rollup/rollup-android-arm64': [ '4.62.2' ],
343 silly audit   '@rollup/rollup-darwin-arm64': [ '4.62.2' ],
343 silly audit   '@rollup/rollup-darwin-x64': [ '4.62.2' ],
343 silly audit   '@rollup/rollup-freebsd-arm64': [ '4.62.2' ],
343 silly audit   '@rollup/rollup-freebsd-x64': [ '4.62.2' ],
343 silly audit   '@rollup/rollup-linux-arm-gnueabihf': [ '4.62.2' ],
343 silly audit   '@rollup/rollup-linux-arm-musleabihf': [ '4.62.2' ],
343 silly audit   '@rollup/rollup-linux-arm64-gnu': [ '4.62.2' ],
343 silly audit   '@rollup/rollup-linux-arm64-musl': [ '4.62.2' ],
343 silly audit   '@rollup/rollup-linux-loong64-gnu': [ '4.62.2' ],
343 silly audit   '@rollup/rollup-linux-loong64-musl': [ '4.62.2' ],
343 silly audit   '@rollup/rollup-linux-ppc64-gnu': [ '4.62.2' ],
343 silly audit   '@rollup/rollup-linux-ppc64-musl': [ '4.62.2' ],
343 silly audit   '@rollup/rollup-linux-riscv64-gnu': [ '4.62.2' ],
343 silly audit   '@rollup/rollup-linux-riscv64-musl': [ '4.62.2' ],
343 silly audit   '@rollup/rollup-linux-s390x-gnu': [ '4.62.2' ],
343 silly audit   '@rollup/rollup-linux-x64-gnu': [ '4.62.2' ],
343 silly audit   '@rollup/rollup-linux-x64-musl': [ '4.62.2' ],
343 silly audit   '@rollup/rollup-openbsd-x64': [ '4.62.2' ],
343 silly audit   '@rollup/rollup-openharmony-arm64': [ '4.62.2' ],
343 silly audit   '@rollup/rollup-win32-arm64-msvc': [ '4.62.2' ],
343 silly audit   '@rollup/rollup-win32-ia32-msvc': [ '4.62.2' ],
343 silly audit   '@rollup/rollup-win32-x64-gnu': [ '4.62.2' ],
343 silly audit   '@rollup/rollup-win32-x64-msvc': [ '4.62.2' ],
343 silly audit   '@types/estree': [ '1.0.9' ]
343 silly audit }
344 http cache source-map-js@https://registry.npmmirror.com/source-map-js/-/source-map-js-1.2.1.tgz 0ms (cache hit)
345 http cache @types/estree@https://registry.npmmirror.com/@types/estree/-/estree-1.0.9.tgz 0ms (cache hit)
346 http cache nanoid@https://registry.npmmirror.com/nanoid/-/nanoid-3.3.15.tgz 0ms (cache hit)
347 http cache @esbuild/darwin-arm64@https://registry.npmmirror.com/@esbuild/darwin-arm64/-/darwin-arm64-0.21.5.tgz 0ms (cache hit)
348 http cache picocolors@https://registry.npmmirror.com/picocolors/-/picocolors-1.1.1.tgz 0ms (cache hit)
349 http cache rollup@https://registry.npmmirror.com/rollup/-/rollup-4.62.2.tgz 0ms (cache hit)
350 http cache postcss@https://registry.npmmirror.com/postcss/-/postcss-8.5.16.tgz 0ms (cache hit)
351 http cache fsevents@https://registry.npmmirror.com/fsevents/-/fsevents-2.3.3.tgz 0ms (cache hit)
352 http cache esbuild@https://registry.npmmirror.com/esbuild/-/esbuild-0.21.5.tgz 0ms (cache hit)
353 http cache vite@https://registry.npmmirror.com/vite/-/vite-5.4.21.tgz 0ms (cache hit)
354 http cache typescript@https://registry.npmmirror.com/typescript/-/typescript-5.9.3.tgz 0ms (cache hit)
355 http cache @rollup/rollup-darwin-arm64@https://registry.npmmirror.com/@rollup/rollup-darwin-arm64/-/rollup-darwin-arm64-4.62.2.tgz 0ms (cache hit)
356 silly tarball no local data for source-map-js@https://registry.npmmirror.com/source-map-js/-/source-map-js-1.2.1.tgz. Extracting by manifest.
357 silly tarball no local data for @types/estree@https://registry.npmmirror.com/@types/estree/-/estree-1.0.9.tgz. Extracting by manifest.
358 silly tarball no local data for nanoid@https://registry.npmmirror.com/nanoid/-/nanoid-3.3.15.tgz. Extracting by manifest.
359 silly tarball no local data for @esbuild/darwin-arm64@https://registry.npmmirror.com/@esbuild/darwin-arm64/-/darwin-arm64-0.21.5.tgz. Extracting by manifest.
360 silly tarball no local data for picocolors@https://registry.npmmirror.com/picocolors/-/picocolors-1.1.1.tgz. Extracting by manifest.
361 silly tarball no local data for rollup@https://registry.npmmirror.com/rollup/-/rollup-4.62.2.tgz. Extracting by manifest.
362 silly tarball no local data for postcss@https://registry.npmmirror.com/postcss/-/postcss-8.5.16.tgz. Extracting by manifest.
363 silly tarball no local data for fsevents@https://registry.npmmirror.com/fsevents/-/fsevents-2.3.3.tgz. Extracting by manifest.
364 silly tarball no local data for esbuild@https://registry.npmmirror.com/esbuild/-/esbuild-0.21.5.tgz. Extracting by manifest.
365 silly tarball no local data for vite@https://registry.npmmirror.com/vite/-/vite-5.4.21.tgz. Extracting by manifest.
366 silly tarball no local data for typescript@https://registry.npmmirror.com/typescript/-/typescript-5.9.3.tgz. Extracting by manifest.
367 silly tarball no local data for @rollup/rollup-darwin-arm64@https://registry.npmmirror.com/@rollup/rollup-darwin-arm64/-/rollup-darwin-arm64-4.62.2.tgz. Extracting by manifest.
368 http fetch POST 404 https://registry.npmmirror.com/-/npm/v1/security/advisories/bulk 408ms
369 verbose audit error HttpErrorGeneral: 404 Not Found - POST https://registry.npmmirror.com/-/npm/v1/security/advisories/bulk - [NOT_IMPLEMENTED] /-/npm/v1/security/* not implemented yet
369 verbose audit error     at /opt/homebrew/lib/node_modules/npm/node_modules/npm-registry-fetch/lib/check-response.js:103:15
369 verbose audit error     at process.processTicksAndRejections (node:internal/process/task_queues:104:5)
369 verbose audit error     at async #getReport (/opt/homebrew/lib/node_modules/npm/node_modules/@npmcli/arborist/lib/audit-report.js:275:19)
369 verbose audit error     at async AuditReport.run (/opt/homebrew/lib/node_modules/npm/node_modules/@npmcli/arborist/lib/audit-report.js:100:19) {
369 verbose audit error   headers: [Object: null prototype] {
369 verbose audit error     server: [ 'Tengine' ],
369 verbose audit error     date: [ 'Mon, 06 Jul 2026 06:25:40 GMT' ],
369 verbose audit error     'content-type': [ 'application/json' ],
369 verbose audit error     'transfer-encoding': [ 'chunked' ],
369 verbose audit error     connection: [ 'keep-alive' ],
369 verbose audit error     'strict-transport-security': [ 'max-age=5184000' ],
369 verbose audit error     via: [ 'ens-cache19.us37[,404666]' ],
369 verbose audit error     'timing-allow-origin': [ '*' ],
369 verbose audit error     eagleid: [ '9b6682a717833191400257456e' ],
369 verbose audit error     'x-fetch-attempts': [ '1' ]
369 verbose audit error   },
369 verbose audit error   statusCode: 404,
369 verbose audit error   code: 'E404',
369 verbose audit error   method: 'POST',
369 verbose audit error   uri: 'https://registry.npmmirror.com/-/npm/v1/security/advisories/bulk',
369 verbose audit error   body: {
369 verbose audit error     error: '[NOT_IMPLEMENTED] /-/npm/v1/security/* not implemented yet'
369 verbose audit error   },
369 verbose audit error   pkgid: undefined
369 verbose audit error }
370 silly audit error [object Object]
371 silly audit report null
372 http fetch GET https://cdn.npmmirror.com/packages/source-map-js/1.2.1/source-map-js-1.2.1.tgz attempt 1 failed with ECONNRESET
373 http fetch GET https://cdn.npmmirror.com/packages/%40types/estree/1.0.9/estree-1.0.9.tgz attempt 1 failed with ECONNRESET
374 http fetch GET 200 https://cdn.npmmirror.com/packages/nanoid/3.3.15/nanoid-3.3.15.tgz 2346ms (cache miss)
375 http fetch GET 200 https://cdn.npmmirror.com/packages/picocolors/1.1.1/picocolors-1.1.1.tgz 3206ms (cache miss)
376 http fetch GET 200 https://cdn.npmmirror.com/packages/postcss/8.5.16/postcss-8.5.16.tgz 3268ms (cache miss)
377 http fetch GET 200 https://cdn.npmmirror.com/packages/fsevents/2.3.3/fsevents-2.3.3.tgz 3419ms (cache miss)
378 http fetch GET 200 https://cdn.npmmirror.com/packages/esbuild/0.21.5/esbuild-0.21.5.tgz 3450ms (cache miss)
379 http fetch GET 200 https://cdn.npmmirror.com/packages/rollup/4.62.2/rollup-4.62.2.tgz 4730ms (cache miss)
380 http fetch GET 200 https://cdn.npmmirror.com/packages/vite/5.4.21/vite-5.4.21.tgz 4856ms (cache miss)
381 http fetch GET 200 https://cdn.npmmirror.com/packages/%40rollup/rollup-darwin-arm64/4.62.2/rollup-darwin-arm64-4.62.2.tgz 5363ms (cache miss)
382 http fetch GET 200 https://cdn.npmmirror.com/packages/%40esbuild/darwin-arm64/0.21.5/darwin-arm64-0.21.5.tgz 8087ms (cache miss)
383 http fetch GET 200 https://cdn.npmmirror.com/packages/typescript/5.9.3/typescript-5.9.3.tgz 8452ms (cache miss)
384 http fetch GET 200 https://cdn.npmmirror.com/packages/%40types/estree/1.0.9/estree-1.0.9.tgz 11764ms attempt #2 (cache miss)
385 http fetch GET 200 https://cdn.npmmirror.com/packages/source-map-js/1.2.1/source-map-js-1.2.1.tgz 11880ms attempt #2 (cache miss)
386 info run fsevents@2.3.3 install node_modules/fsevents node-gyp rebuild
387 info run fsevents@2.3.3 install { code: 1, signal: null }
388 verbose reify failed optional dependency /Users/xuederek/Downloads/配色/node_modules/fsevents
389 silly reify mark deleted [ '/Users/xuederek/Downloads/配色/node_modules/fsevents' ]
390 info run esbuild@0.21.5 postinstall node_modules/esbuild node install.js
391 info run esbuild@0.21.5 postinstall { code: 0, signal: null }
392 silly ADD node_modules/@types/estree
393 silly ADD node_modules/@rollup/rollup-darwin-arm64
394 silly ADD node_modules/source-map-js
395 silly ADD node_modules/picocolors
396 silly ADD node_modules/nanoid
397 silly ADD node_modules/@esbuild/darwin-arm64
398 silly ADD node_modules/rollup
399 silly ADD node_modules/postcss
400 silly ADD
401 silly ADD node_modules/esbuild
402 silly ADD node_modules/vite
403 silly ADD node_modules/typescript
404 warn allow-scripts 1 package has install scripts not yet covered by allowScripts:
404 warn allow-scripts   esbuild@0.21.5 (postinstall: node install.js)
404 warn allow-scripts
404 warn allow-scripts Run `npm approve-scripts --allow-scripts-pending` to review, or `npm approve-scripts <pkg>` to allow.
405 verbose cwd /Users/xuederek/Downloads/配色
406 verbose os Darwin 25.5.0
407 verbose node v26.4.0
408 verbose npm  v11.17.0
409 notice
409 notice New [33mminor[39m version of npm available! [33m11.17.0[39m -> [34m11.18.0[39m
409 notice Changelog: [34mhttps://github.com/npm/cli/releases/tag/v11.18.0[39m
409 notice To update run: [4mnpm install -g npm@11.18.0[24m
409 notice  { force: true, Symbol(proc-log.meta): true }
410 verbose exit 0
411 info ok
